{
  "RSpec": {
    "coverage": {
      "C:/Users/QWERXman/Desktop/bank/BankDeposits/lib/deposit_manager.rb": [
        1,
        1,
        1,
        null,
        null,
        1,
        null,
        1,
        0,
        0,
        0,
        0,
        0,
        0,
        0,
        0,
        0,
        0,
        0,
        0,
        null,
        null,
        1,
        1,
        null,
        null,
        1,
        0,
        0,
        0,
        0,
        null,
        null,
        1,
        0,
        0,
        0,
        0,
        0,
        0,
        0,
        0,
        null,
        null,
        1,
        0,
        0,
        0,
        0,
        0,
        null,
        0,
        null,
        null,
        1,
        0,
        0,
        0,
        0,
        null,
        null,
        1,
        1,
        null,
        null,
        1,
        9,
        null,
        null,
        1,
        1,
        null,
        null
      ],
      "C:/Users/QWERXman/Desktop/bank/BankDeposits/lib/deposit.rb": [
        null,
        1,
        1,
        null,
        1,
        null,
        128,
        null,
        null,
        null,
        null,
        128,
        null,
        null,
        null,
        null,
        128,
        null,
        null,
        null,
        128,
        null,
        null,
        null,
        128,
        null,
        null,
        null,
        128,
        null,
        null,
        1,
        0,
        null,
        null,
        null,
        null,
        null,
        null,
        null,
        null,
        null,
        1,
        0,
        null,
        null
      ],
      "C:/Users/QWERXman/Desktop/bank/BankDeposits/lib/depositor_manager.rb": [
        1,
        1,
        null,
        null,
        1,
        null,
        1,
        0,
        null,
        0,
        null,
        0,
        0,
        null,
        null,
        1,
        1,
        null,
        null,
        1,
        0,
        0,
        0,
        null,
        0,
        null,
        null,
        1,
        9,
        null,
        null,
        1,
        0,
        0,
        0,
        0,
        null,
        null,
        1,
        1,
        null,
        null,
        1,
        1,
        null,
        null
      ],
      "C:/Users/QWERXman/Desktop/bank/BankDeposits/lib/file_reader.rb": [
        1,
        1,
        1,
        1,
        null,
        null,
        null,
        1,
        null,
        1,
        1,
        1,
        1,
        null,
        null,
        null,
        1,
        1,
        1,
        1,
        null,
        null,
        null,
        null,
        null,
        null,
        null,
        null,
        1,
        0,
        null,
        0,
        0,
        null,
        null,
        0,
        0,
        null,
        null,
        null,
        1,
        0,
        null,
        0,
        0,
        null,
        null,
        0,
        0,
        null,
        null,
        null,
        null,
        1,
        0,
        0,
        0,
        null,
        0,
        null,
        null,
        null,
        1,
        2,
        2,
        2,
        30,
        null,
        2,
        null,
        null,
        1,
        9,
        9,
        158,
        null,
        null,
        null,
        null,
        9,
        null,
        null,
        1,
        0,
        null,
        0,
        0,
        null,
        null,
        0,
        0,
        null,
        null,
        null,
        1,
        0,
        0,
        0,
        null,
        null,
        null,
        1,
        0,
        0,
        0,
        0,
        null,
        null,
        null,
        null,
        null,
        null,
        null,
        null,
        null,
        0,
        null,
        null,
        1,
        9,
        9,
        125,
        null,
        null,
        null,
        null,
        null,
        null,
        null,
        null,
        9,
        null,
        null,
        1,
        0,
        0,
        0,
        null,
        null,
        null,
        null,
        0,
        null,
        null,
        1,
        1,
        null,
        1,
        14,
        1,
        1,
        1,
        1,
        1,
        null,
        null,
        null,
        1,
        1,
        null,
        null,
        null,
        1,
        1,
        1,
        3,
        null,
        null,
        null,
        null,
        null,
        null,
        null,
        1,
        null,
        null,
        null,
        null,
        1,
        1,
        1,
        3,
        null,
        null,
        null,
        1,
        1,
        null,
        1,
        18,
        null,
        null,
        1,
        1,
        null,
        null,
        null
      ],
      "C:/Users/QWERXman/Desktop/bank/BankDeposits/lib/depositor.rb": [
        null,
        1,
        1,
        null,
        1,
        null,
        161,
        null,
        null,
        null,
        null,
        161,
        null,
        null,
        1,
        0,
        null,
        null
      ],
      "C:/Users/QWERXman/Desktop/bank/BankDeposits/lib/constants.rb": [
        1,
        null,
        null,
        null,
        null,
        null,
        null,
        null,
        null,
        1,
        1
      ],
      "C:/Users/QWERXman/Desktop/bank/BankDeposits/app.rb": [
        1,
        1,
        null,
        1,
        9,
        9,
        9,
        null,
        null,
        1,
        1,
        null,
        null,
        1,
        1,
        null,
        null,
        null,
        null,
        null,
        null,
        null,
        null,
        null,
        1,
        null,
        null,
        1,
        null,
        1,
        1,
        null,
        null,
        1,
        1,
        null,
        null,
        null,
        null,
        null,
        null,
        null,
        null,
        null,
        null,
        1,
        null,
        null,
        1,
        1,
        1,
        null,
        null,
        1,
        1,
        null,
        null,
        1,
        1,
        null,
        null,
        null,
        null,
        null,
        1,
        null,
        null,
        1,
        1,
        null,
        null,
        null,
        null,
        null,
        null,
        1,
        null
      ]
    },
    "timestamp": 1545900201
  }
}
